:03000000020006F5
:0300620002000396
:0300030002007B7D
:2000650085820A85830B150A74FFB50A02150BE50A450B70F1221200007580AA90810374E9
:20008500DDF09081017401F09081007408F0908101E4F09081017402F090830374EEF09044
:2000A50083017402F0908301E0FF30E0F81200009081017401F090810074AEF0908101E4B4
:0900C500F09083017402F080DC6C
:03005F0075080021
:2000CE00908302E0FFE4B5080280077401B50843803B908200E0FEBEE0129083017405F0A7
:2000EE009083007404F0908301E4F022BE6024908201E0F5099081017401F090810074AB93
:20010E00F0908101E4F012012275080122BF080302012222908300740AF0740BF0740CF0B5
:12012E009083017401F0908300740DF0908301E4F022B8
:20014000AF827E00AC0D7D001CBCFF011D8E027B00C3EA9CEB64808DF063F08095F0502C51
:200160008F04EC2CE425E0FD7C0074802D2401FDEE250AF9E4350BFAAB0C89828A838BF0B1
:200180001201CAF98C828D83F00E80B8EF2FE425E0FD7F0074802DFD74012FFB74013DFC47
:2001A0008B828C837401F074012DFDEE250AF9E4350BFAAE0C89828A838EF01201CA8F82AD
:0A01C0008D83F08B828C83E4F02223
:06003500E478FFF6D8FD9F
:200013007900E94400601B7A009001EA780075A000E493F2A308B8000205A0D9F4DAF275A9
:02003300A0FF2C
:20003B007800E84400600A790075A000E4F309D8FC7800E84400600C7900900000E4F0A3C5
:04005B00D8FCD9FAFA
:0D00060075810D1201E6E582600302000322
:1C01CA0020F71430F6148883A88220F507E6A88375830022E280F7E49322E02244
:0401E60075820022FC
:00000001FF
