[1762919] Iso14443aPicc Down: e0 80 31 73 
[1769750] Iso14443aPicc Down: c2 e0 b4 
[1778236] Iso14443aPicc Down: e0 80 31 73 
[1786671] Iso14443aPicc Down: 02 00 a4 04 00 07 d2 76 00 00 85 01 01 00 35 c0 
[1797443] Iso14443aPicc Down: f2 0e 66 b8 
[1817453] Iso14443aPicc Down: f2 0e 66 b8 
[1837835] Iso14443aPicc Down: f2 0e 66 b8 
[1855500] Iso14443aPicc Down: f2 0e 66 b8 
[1874853] Iso14443aPicc Down: f2 0e 66 b8 
[1887326] Iso14443aPicc Down: b2 67 c7 
[1887892] Iso14443aPicc Down: 02 00 a4 04 00 07 d2 76 00 00 85 01 01 00 35 c0 
[1894273] Iso14443aPicc Down: b2 67 c7 
[1914112] Iso14443aPicc Down: b2 67 c7 
[1927701] Iso14443aPicc Down: 02 00 a4 04 00 07 d2 76 00 00 85 01 01 00 35 c0 
[1954889] Iso14443aPicc Down: f2 0e 66 b8 
[1975273] Iso14443aPicc Down: f2 0e 66 b8 
[1988902] Iso14443aPicc Down: f2 0e 66 b8 
[2000818] Iso14443aPicc Down: f2 0e 66 b8 
[2021214] Iso14443aPicc Down: f2 0e 66 b8 
[2028009] Iso14443aPicc Down: 03 00 a4 04 00 07 d2 76 00 00 85 01 00 82 1d 
[2048401] Iso14443aPicc Down: f2 0e 66 b8 
[2059734] Iso14443aPicc Down: f2 0e 66 b8 
[2073342] Iso14443aPicc Down: f2 0e 66 b8 
[2093754] Iso14443aPicc Down: b3 ee d6 
[2104518] Iso14443aPicc Down: b3 ee d6 
[2124899] Iso14443aPicc Down: c2 e0 b4 
[2145239] Iso14443aPicc Down: b2 67 c7 
[2165652] Iso14443aPicc Down: 02 ec 72 
[2186038] Iso14443aPicc Down: f2 0e 66 b8 
[2199633] Iso14443aPicc Down: f2 0e 66 b8 
[2213242] Iso14443aPicc Down: b2 67 c7 
[2233626] Iso14443aPicc Down: 02 ec 72 
[2247218] Iso14443aPicc Down: b2 67 c7 
[2260815] Iso14443aPicc Down: 02 ec 72 
[2274406] Iso14443aPicc Down: f2 0e 66 b8 
[2287996] Iso14443aPicc Down: f2 0e 66 b8 
[2301599] Iso14443aPicc Down: f2 0e 66 b8 
[2315228] Iso14443aPicc Down: f2 0e 66 b8 
[2328811] Iso14443aPicc Down: f2 0e 66 b8 
[2349209] Iso14443aPicc Down: f2 0e 66 b8 
[2362787] Iso14443aPicc Down: f2 0e 66 b8 
[2376379] Iso14443aPicc Down: f2 0e 66 b8 
[2389977] Iso14443aPicc Down: f2 0e 66 b8 
[2403580] Iso14443aPicc Down: f2 0e 66 b8 
[2417177] Iso14443aPicc Down: f2 0e 66 b8 
[2430770] Iso14443aPicc Down: f2 0e 66 b8 
[2444334] Iso14443aPicc Down: f2 0e 66 b8 
[2457944] Iso14443aPicc Down: f2 0e 66 b8 
[2471558] Iso14443aPicc Down: f2 0e 66 b8 
[2485181] Iso14443aPicc Down: f2 0e 66 b8 
[2498764] Iso14443aPicc Down: f2 0e 66 b8 
[2512332] Iso14443aPicc Down: f2 0e 66 b8 
[2525920] Iso14443aPicc Down: f2 0e 66 b8 
[2539534] Iso14443aPicc Down: f2 0e 66 b8 
[2553143] Iso14443aPicc Down: f2 0e 66 b8 
[2566736] Iso14443aPicc Down: f2 0e 66 b8 
[2587123] Iso14443aPicc Down: c2 e0 b4 
[3035789] Iso14443aPicc Down: e0 80 31 73 
[3054482] Iso14443aPicc Down: c2 e0 b4 
[3065659] Iso14443aPicc Down: e0 80 31 73 
[3074495] Iso14443aPicc Down: 02 00 a4 04 00 07 d2 76 00 00 85 01 01 00 35 c0 
[3105966] Iso14443aPicc Down: f2 0e 66 b8 
[3126343] Iso14443aPicc Down: f2 0e 66 b8 
[3146771] Iso14443aPicc Down: f2 0e 66 b8 
[3146772] Iso14443aPicc Down: f2 0e 66 b8 
[3162679] Iso14443aPicc Down: f2 0e 66 b8 
[3182032] Iso14443aPicc Down: f2 0e 66 b8 
[3201385] Iso14443aPicc Down: f2 0e 66 b8 
[3203289] Iso14443aPicc Down: b2 67 c7 
[3203855] Iso14443aPicc Down: 02 00 a4 04 00 07 d2 76 00 00 85 01 01 00 35 c0 
[3226626] Iso14443aPicc Down: b2 67 c7 
[3253829] Iso14443aPicc Down: 02 00 a4 04 00 07 d2 76 00 00 85 01 01 00 35 c0 
[3281016] Iso14443aPicc Down: f2 0e 66 b8 
[3301414] Iso14443aPicc Down: f2 0e 66 b8 
[3308210] Iso14443aPicc Down: f2 0e 66 b8 
[3321837] Iso14443aPicc Down: f2 0e 66 b8 
[3333138] Iso14443aPicc Down: f2 0e 66 b8 
[3339957] Iso14443aPicc Down: f2 0e 66 b8 
[3353563] Iso14443aPicc Down: b2 67 c7 
[3371682] Iso14443aPicc Down: b2 67 c7 
[3398887] Iso14443aPicc Down: 02 00 a4 04 00 07 d2 76 00 00 85 01 01 00 35 c0 
[3426103] Iso14443aPicc Down: f2 0e 66 b8 
[3446464] Iso14443aPicc Down: f2 0e 66 b8 
[3466873] Iso14443aPicc Down: b2 67 c7 
[3487263] Iso14443aPicc Down: 02 00 a4 04 00 07 d2 76 00 00 85 01 01 00 35 c0 
[3505454] Iso14443aPicc Down: 03 00 a4 04 00 07 d2 76 00 00 85 01 00 82 1d 
[3532661] Iso14443aPicc Down: f2 0e 66 b8 
[3550840] Iso14443aPicc Down: f2 0e 66 b8 
[3564453] Iso14443aPicc Down: f2 0e 66 b8 
[3581925] Iso14443aPicc Down: f2 0e 66 b8 
[3595522] Iso14443aPicc Down: f2 0e 66 b8 
[3615911] Iso14443aPicc Down: f2 0e 66 b8 
[3643102] Iso14443aPicc Down: b2 67 c7 
[3663507] Iso14443aPicc Down: c2 e0 b4 
[4111247] Iso14443aPicc Down: e0 80 31 73 
[4118041] Iso14443aPicc Down: 02 00 a4 04 0c 07 a0 00 00 02 47 10 01 98 b8 
[4145169] Iso14443aPicc Down: 03 00 a4 04 00 07 a0 00 00 00 03 00 00 00 b8 51 
[4170756] Iso14443aPicc Down: f2 0e 66 b8 
[4191163] Iso14443aPicc Down: f2 0e 66 b8 
[4197962] Iso14443aPicc Down: f2 0e 66 b8 
[4204756] Iso14443aPicc Down: f2 0e f2 0e 66 b8 
[4218356] Iso14443aPicc Down: f2 0e 66 b8 
[4229838] Iso14443aPicc Down: f2 0e 66 b8 
[4243439] Iso14443aPicc Down: f2 0e 66 b8 
[4257030] Iso14443aPicc Down: 02 00 a4 04 00 10 a0 00 00 00 18 f2 f2 0e 66 b8 
[4288706] Iso14443aPicc Down: f2 0e 66 b8 
[4309113] Iso14443aPicc Down: f2 0e 66 b8 
[4336292] Iso14443aPicc Down: f2 0e 66 b8 
[4349937] Iso14443aPicc Down: b2 67 c7 
[4363525] Iso14443aPicc Down: 02 00 a4 04 f2 0e 66 b8 
[4374756] Iso14443aPicc Down: f2 0e 66 b8 
[4388336] Iso14443aPicc Down: f2 0e 66 b8 
[4406362] Iso14443aPicc Down: 03 00 a4 04 00 07 d2 76 00 01 44 80 00 00 11 dd 
[4424877] Iso14443aPicc Down: f2 0e 66 b8 
[4445257] Iso14443aPicc Down: f2 0e 66 b8 
[4465644] Iso14443aPicc Down: 02 00 a4 04 00 06 d2 76 00 00 01 02 00 75 dc 
[4479274] Iso14443aPicc Down: f2 0e 66 b8 
[4490767] Iso14443aPicc Down: f2 0e 66 b8 
[4511164] Iso14443aPicc Down: f2 0e 66 b8 
[4517959] Iso14443aPicc Down: b2 67 c7 
[4536002] Iso14443aPicc Down: 02 00 a4 04 00 06 d2 76 00 00 01 02 00 75 dc 
[4554628] Iso14443aPicc Down: b2 67 c7 
[4581798] Iso14443aPicc Down: f2 f2 0e 66 b8 
[4595410] Iso14443aPicc Down: 03 00 a4 04 f2 0e 66 b8 
[4615783] Iso14443aPicc Down: f2 0e 66 b8 
[4634892] Iso14443aPicc Down: f2 0e 66 b8 
[4655272] Iso14443aPicc Down: f2 0e 66 b8 
[4680538] Iso14443aPicc Down: f2 0e 66 b8 
[4694131] Iso14443aPicc Down: 02 00 a4 04 00 09 e8 07 04 00 7f 00 07 03 02 00 01 c8 
[4726209] Iso14443aPicc Down: f2 0e 66 b8 
[4733001] Iso14443aPicc Down: 03 00 a4 04 00 06 d2 76 00 00 66 01 00 f8 7a 
[4753405] Iso14443aPicc Down: 02 00 a4 04 00 0c f2 0e 66 b8 
[4771942] Iso14443aPicc Down: f2 0e 66 b8 
[4796927] Iso14443aPicc Down: f2 0e 66 b8 
[4810510] Iso14443aPicc Down: b2 67 c7 
[4830909] Iso14443aPicc Down: 02 00 a4 04 00 0c a0 00 b2 67 c7 
[4844521] Iso14443aPicc Down: 02 b2 67 c7 
[4858110] Iso14443aPicc Down: 02 00 a4 04 00 03 00 a4 04 00 08 a0 00 00 01 67 41 30 01 00 bc 89 
[4896926] Iso14443aPicc Down: f2 f2 0e 66 f2 0e 66 b8 
[4917306] Iso14443aPicc Down: b3 ee d6 
[4937703] Iso14443aPicc Down: c2 e0 b4 
[4951310] Iso14443aPicc Down: b2 67 c7 
[4958128] Iso14443aPicc Down: 03 00 a4 f2 b3 ee d6 
[4983055] Iso14443aPicc Down: c2 f2 0e f2 0e 66 b8 
[5010256] Iso14443aPicc Down: f2 0e 66 b8 
[5037427] Iso14443aPicc Down: b3 ee 03 00 a4 04 00 06 d2 76 00 01 24 01 00 8d d5 
[5057839] Iso14443aPicc Down: f2 0e 66 02 00 a4 04 00 07 a0 00 00 03 57 00 00 00 64 03 00 a4 04 00 09 a0 00 00 03 f2 0e 66 f2 0e 66 b8 
[5082687] Iso14443aPicc Down: f2 0e 66 b8 
[5107647] Iso14443aPicc Down: f2 0e 66 b8 
[5125885] Iso14443aPicc Down: f2 0e 66 b8 
[5125886] Iso14443aPicc Down: a3 6f c6 
[5139477] Iso14443aPicc Down: a3 6f c6 
[5153071] Iso14443aPicc Down: 02 00 a4 04 00 f2 0e 66 b8 
[5171211] Iso14443aPicc Down: f2 0e 66 b8 
[5202885] Iso14443aPicc Down: f2 0e 66 b8 
[5230067] Iso14443aPicc Down: f2 0e 66 b8 
[5257235] Iso14443aPicc Down: f2 0e 66 b8 
[5277643] Iso14443aPicc Down: 03 00 a4 04 00 07 a0 00 00 02 48 03 00 00 f6 7e 
[5284438] Iso14443aPicc Down: f2 0e 66 b8 
[5296239] Iso14443aPicc Down: f2 0e 66 b8 
[5309833] Iso14443aPicc Down: f2 0e 66 b8 
[5330749] Iso14443aPicc Down: f2 0e 66 b8 
[5337550] Iso14443aPicc Down: b3 ee d6 
[5356066] Iso14443aPicc Down: c2 e0 b4 
[5376479] Iso14443aPicc Down: b2 67 c7 
[5390068] Iso14443aPicc Down: 02 ec 72 
[5408562] Iso14443aPicc Down: 03 00 a4 04 00 0e 31 50 41 59 2e 53 59 53 2e 44 44 46 30 31 00 f2 ad 
[5435773] Iso14443aPicc Down: 02 00 a4 04 00 0e 32 50 41 59 2e 53 59 53 2e 44 44 46 30 31 00 e0 f2 0e 66 b8 
[5469747] Iso14443aPicc Down: f2 0e 66 b8 
[5503746] Iso14443aPicc Down: 03 00 a4 04 00 07 a0 00 00 05 24 10 10 00 9a f2 0e 66 b8 
[5524162] Iso14443aPicc Down: f2 0e 66 b8 
[5530972] Iso14443aPicc Down: f2 0e 66 b8 
[5537767] Iso14443aPicc Down: f2 0e 66 b8 
[5551361] Iso14443aPicc Down: a2 e6 d7 
[5558162] Iso14443aPicc Down: 03 00 a4 04 00 07 a0 00 00 01 52 30 10 00 6e 80 
[5569885] Iso14443aPicc Down: b3 b2 67 c7 
[5583495] Iso14443aPicc Down: 02 b2 67 c7 
[5595208] Iso14443aPicc Down: f2 03 00 a4 04 f2 0e 66 f2 0e 66 f2 0e 66 02 00 a4 f2 0e 66 b8 
[5629200] Iso14443aPicc Down: f2 0e 66 b8 
[5649589] Iso14443aPicc Down: f2 0e 66 b8 
[5663182] Iso14443aPicc Down: f2 0e 66 b8 
[5676799] Iso14443aPicc Down: f2 0e 66 b8 
[5676800] Iso14443aPicc Down: f2 0e 66 b8 
[5683610] Iso14443aPicc Down: f2 0e 66 b8 
[5702002] Iso14443aPicc Down: f2 0e 66 b8 
[5713720] Iso14443aPicc Down: 03 00 a4 04 00 06 a0 00 00 00 25 01 00 e6 68 
[5740908] Iso14443aPicc Down: 02 00 a4 04 00 07 a0 00 00 00 65 10 10 00 28 ed 
[5768122] Iso14443aPicc Down: f2 0e 66 b8 
[5788520] Iso14443aPicc Down: f2 0e 66 b8 
[5808920] Iso14443aPicc Down: f2 0e 66 b8 
[5815721] Iso14443aPicc Down: f2 0e 66 b8 
[5822520] Iso14443aPicc Down: f2 0e 66 b8 
[5842909] Iso14443aPicc Down: b2 67 c7 
[5854579] Iso14443aPicc Down: b2 67 c7 
[5868169] Iso14443aPicc Down: 02 00 a4 04 00 07 a0 00 00 00 65 10 10 00 28 ed 
[5893405] Iso14443aPicc Down: f2 0e 66 b8 
[5927373] Iso14443aPicc Down: b2 67 c7 
[5947804] Iso14443aPicc Down: 02 00 a4 04 00 07 a0 00 00 00 65 10 10 00 28 ed 
[5968196] Iso14443aPicc Down: f2 0e 66 b8 
[5988583] Iso14443aPicc Down: f2 0e 66 b8 
[6007652] Iso14443aPicc Down: f2 0e 66 b8 
[6034840] Iso14443aPicc Down: f2 0e 66 b8 
[6048436] Iso14443aPicc Down: f2 0e 66 b8 
[6068840] Iso14443aPicc Down: f2 0e 66 b8 
[6089234] Iso14443aPicc Down: f2 0e 66 b8 
[6109636] Iso14443aPicc Down: b2 67 c7 
[6134907] Iso14443aPicc Down: 02 00 a4 04 00 07 a0 00 00 00 65 10 10 00 28 ed 
[6155316] Iso14443aPicc Down: b2 67 c7 
[6173817] Iso14443aPicc Down: c2 e0 b4 
[6233090] Iso14443aPicc Down: e0 80 31 73 
[6253468] Iso14443aPicc Down: 02 00 a4 04 00 07 a0 00 00 00 03 20 10 00 f8 b9 
[6285546] Iso14443aPicc Down: f2 0e 66 b8 
[6312732] Iso14443aPicc Down: f2 0e 66 b8 
[6333155] Iso14443aPicc Down: f2 0e 66 b8 
[6353562] Iso14443aPicc Down: f2 0e 66 b8 
[6367133] Iso14443aPicc Down: f2 0e 66 b8 
[6380728] Iso14443aPicc Down: b2 67 c7 
[6392459] Iso14443aPicc Down: 02 00 a4 04 00 07 a0 00 00 00 03 20 10 00 f8 b9 
[6419666] Iso14443aPicc Down: b2 67 c7 
[6433265] Iso14443aPicc Down: 02 00 a4 04 00 07 a0 00 00 f2 0e f2 0e 66 b8 
[6458681] Iso14443aPicc Down: f2 0e 66 b8 
[6499507] Iso14443aPicc Down: f2 0e 66 b8 
[6519945] Iso14443aPicc Down: f2 0e 66 b8 
[6526746] Iso14443aPicc Down: b2 67 c7 
[6526746] Iso14443aPicc Down: b2 f2 0e 66 b8 
[6540338] Iso14443aPicc Down: f2 0e 66 b8 
[6552141] Iso14443aPicc Down: b2 67 c7 
[6558942] Iso14443aPicc Down: c2 e0 b4 
[6596111] Iso14443aPicc Down: f2 0e 66 b8 
[6623336] Iso14443aPicc Down: b2 67 c7 
[6643759] Iso14443aPicc Down: b2 67 c7 
[6664146] Iso14443aPicc Down: 02 00 f2 0e 66 b8 
[6670947] Iso14443aPicc Down: f2 0e 66 b8 
[6691305] Iso14443aPicc Down: f2 0e 66 b8 
[6716684] Iso14443aPicc Down: f2 0e 66 b8 
[6743804] Iso14443aPicc Down: f2 0e 66 b8 
[6764189] Iso14443aPicc Down: f2 0e 66 b8 
[6777773] Iso14443aPicc Down: b2 67 c7 
[6784562] Iso14443aPicc Down: 02 00 a4 04 00 07 03 00 a4 04 00 07 a0 00 00 00 03 24 10 00 73 a4 
[6810434] Iso14443aPicc Down: f2 0e 66 f2 0e 66 02 00 a4 04 00 0a a0 00 00 03 59 10 10 02 80 f2 0e 66 b8 
[6830885] Iso14443aPicc Down: f2 0e 66 b8 
[6844501] Iso14443aPicc Down: f2 0e 66 b8 
[6862987] Iso14443aPicc Down: 03 00 a4 04 00 09 a0 00 00 03 59 10 10 03 80 00 37 2b 
[6876590] Iso14443aPicc Down: b3 f2 0e 66 b8 
[6883392] Iso14443aPicc Down: f2 0e 66 b8 
[6903801] Iso14443aPicc Down: f2 0e 66 b8 
[6917402] Iso14443aPicc Down: f2 0e 66 b8 
[6924198] Iso14443aPicc Down: f2 0e 66 b8 
[6935897] Iso14443aPicc Down: f2 0e 66 b8 
[6949490] Iso14443aPicc Down: 02 00 a4 04 00 07 a0 00 00 01 21 10 10 00 37 82 
[6963095] Iso14443aPicc Down: f2 0e 66 f2 0e 66 b8 
[6976699] Iso14443aPicc Down: f2 0e 66 b8 
[6995361] Iso14443aPicc Down: f2 0e 66 b8 
[7022562] Iso14443aPicc Down: 03 00 a4 04 00 07 a0 00 00 00 03 30 10 00 87 42 
[7036167] Iso14443aPicc Down: f2 0e 66 b8 
[7049775] Iso14443aPicc Down: 02 00 a4 04 00 09 a0 00 00 02 28 20 10 10 10 00 a5 5c 
[7070162] Iso14443aPicc Down: f2 0e 66 b8 
[7076964] Iso14443aPicc Down: f2 0e 66 b8 
[7088665] Iso14443aPicc Down: f2 0e 66 b8 
[7100399] Iso14443aPicc Down: 03 00 a4 04 00 07 a0 00 00 00 03 10 10 00 bc 41 
[7114006] Iso14443aPicc Down: f2 0e 66 b8 
[7134420] Iso14443aPicc Down: 02 00 a4 04 00 07 a0 00 00 00 04 30 60 00 88 9b 
[7168440] Iso14443aPicc Down: f2 0e 66 b8 
[7182053] Iso14443aPicc Down: f2 0e 66 b8 
[7209247] Iso14443aPicc Down: f2 0e 66 b8 
[7222853] Iso14443aPicc Down: f2 0e 66 b8 
[7236440] Iso14443aPicc Down: f2 0e 66 b8 
[7254960] Iso14443aPicc Down: b2 67 c7 
[7268562] Iso14443aPicc Down: b2 67 c7 
[7280307] Iso14443aPicc Down: 02 00 a4 04 00 07 a0 00 00 00 04 30 60 00 88 9b 
[7307499] Iso14443aPicc Down: b2 67 c7 
[7321088] Iso14443aPicc Down: 02 00 a4 04 00 07 a0 00 00 00 04 30 60 00 88 9b 
[7353103] Iso14443aPicc Down: f2 0e 66 b8 
[7366684] Iso14443aPicc Down: a2 e6 d7 
[7380291] Iso14443aPicc Down: a2 e6 d7 
[7393886] Iso14443aPicc Down: 03 00 a4 04 00 07 a0 00 00 00 05 00 01 00 fa 03 
[7410184] Iso14443aPicc Down: f2 0e 66 b8 
[7435551] Iso14443aPicc Down: f2 0e 66 b8 
[7456009] Iso14443aPicc Down: f2 0e 66 b8 
[7476418] Iso14443aPicc Down: f2 0e 66 b8 
[7483226] Iso14443aPicc Down: f2 0e 66 b8 
[7496821] Iso14443aPicc Down: f2 0e 66 b8 
[7528998] Iso14443aPicc Down: 02 00 a4 04 00 07 a0 00 00 00 04 10 10 00 77 68 
[7556209] Iso14443aPicc Down: f2 0e 66 b8 
[7576585] Iso14443aPicc Down: 03 00 a4 04 00 07 a0 00 00 01 54 44 42 00 0a c8 
[7596962] Iso14443aPicc Down: f2 0e 66 b8 
[7616146] Iso14443aPicc Down: b3 ee d6 
[7629741] Iso14443aPicc Down: c2 e0 b4 
[7650132] Iso14443aPicc Down: b2 67 c7 
[7656926] Iso14443aPicc Down: 02 ec 72 
[7677307] Iso14443aPicc Down: 03 00 a4 04 00 07 a0 00 00 00 03 80 10 00 c5 c8 
[7704508] Iso14443aPicc Down: f2 0e 66 b8 
[7718104] Iso14443aPicc Down: b3 ee d6 
[7731700] Iso14443aPicc Down: c2 e0 b4 
[7752092] Iso14443aPicc Down: b2 67 c7 
[7765702] Iso14443aPicc Down: 02 ec 72 
[7772496] Iso14443aPicc Down: 03 00 a4 04 00 07 a0 00 00 00 03 20 20 00 b0 71 
[7786064] Iso14443aPicc Down: f2 0e 66 b8 
[7799686] Iso14443aPicc Down: f2 0e 66 b8 
[7813270] Iso14443aPicc Down: f2 0e 66 b8 
[7826865] Iso14443aPicc Down: f2 0e 66 b8 
[7847248] Iso14443aPicc Down: b3 ee d6 
[7854043] Iso14443aPicc Down: c2 e0 b4 
[7860850] Iso14443aPicc Down: b2 67 b2 67 c7 
[7874448] Iso14443aPicc Down: 02 f2 0e 66 b8 
[7901641] Iso14443aPicc Down: f2 0e 66 b8 
[7915225] Iso14443aPicc Down: f2 0e 66 b8 
[12218894] Iso14443aPicc Down: e0 80 31 73 
[12224830] Iso14443aPicc Down: c2 e0 b4 
[12258837] Iso14443aPicc Down: e0 80 31 73 
[12272419] Iso14443aPicc Down: 02 00 a4 04 00 07 d2 76 00 00 85 01 01 00 35 c0 
[12326855] Iso14443aPicc Down: f2 0e 66 b8 
[12340419] Iso14443aPicc Down: f2 0e 66 b8 
[12360773] Iso14443aPicc Down: f2 0e 66 b8 
[12374357] Iso14443aPicc Down: b2 67 c7 
[12381187] Iso14443aPicc Down: 02 00 a4 04 00 07 d2 76 00 00 85 01 01 00 35 c0 
[12400527] Iso14443aPicc Down: f2 0e 66 b8 
[12427663] Iso14443aPicc Down: f2 0e 66 b8 
[12441254] Iso14443aPicc Down: f2 0e 66 b8 
[12466602] Iso14443aPicc Down: f2 0e 66 b8 
[12480204] Iso14443aPicc Down: f2 0e 66 b8 
[12500602] Iso14443aPicc Down: b2 67 c7 
[12520987] Iso14443aPicc Down: 02 00 a4 04 00 07 d2 76 00 00 85 01 01 00 35 c0 
[12548173] Iso14443aPicc Down: b2 67 c7 
[12573548] Iso14443aPicc Down: b2 67 c7 
[12587143] Iso14443aPicc Down: 02 00 a4 04 00 07 d2 76 00 00 85 01 01 00 35 c0 
[12612444] Iso14443aPicc Down: f2 0e 66 b8 
[12632849] Iso14443aPicc Down: f2 0e 66 b8 
[12658349] Iso14443aPicc Down: f2 0e 66 b8 
[12678754] Iso14443aPicc Down: b2 67 c7 
[12692363] Iso14443aPicc Down: 02 00 a4 04 00 07 d2 76 00 00 85 01 01 00 35 c0 
[12719517] Iso14443aPicc Down: f2 0e 66 b8 
[12746666] Iso14443aPicc Down: f2 0e 66 b8 
[12767030] Iso14443aPicc Down: f2 0e 66 b8 
[12787396] Iso14443aPicc Down: f2 0e 66 b8 
[12800996] Iso14443aPicc Down: f2 0e 66 b8 
[12814595] Iso14443aPicc Down: b2 67 c7 
[12834972] Iso14443aPicc Down: c2 e0 b4
